Using pre-set license
Built from '2020.2/staging' branch; Version is '2020.2.3f1 (8ff31bc5bf5b) revision 9433883'; Using compiler version '192528614'; Build Type 'Release'
OS: 'Windows 10 Pro; OS build 19042.867; Version 2009; 64bit' Language: 'en' Physical Memory: 16313 MB
BatchMode: 1, IsHumanControllingUs: 0, StartBugReporterOnCrash: 0, Is64bit: 1, IsPro: 0

 COMMAND LINE ARGUMENTS:
C:\Users\apple\Documents\2020.2.3f1\Editor\Unity.exe
-adb2
-batchMode
-noUpm
-name
AssetImportWorker0
-projectPath
C:/Users/apple/Documents/GitHub/Paradigm_Card_Game/Paradigm - The Card Game
-logFile
Logs/AssetImportWorker0.log
-srvPort
52406
Successfully changed project path to: C:/Users/apple/Documents/GitHub/Paradigm_Card_Game/Paradigm - The Card Game
C:/Users/apple/Documents/GitHub/Paradigm_Card_Game/Paradigm - The Card Game
Using Asset Import Pipeline V2.
Refreshing native plugins compatible for Editor in 49.27 ms, found 1 plugins.
Preloading 0 native plugins for Editor in 0.00 ms.
Initialize engine version: 2020.2.3f1 (8ff31bc5bf5b)
[Subsystems] Discovering subsystems at path C:/Users/apple/Documents/2020.2.3f1/Editor/Data/Resources/UnitySubsystems
[Subsystems] Discovering subsystems at path C:/Users/apple/Documents/GitHub/Paradigm_Card_Game/Paradigm - The Card Game/Assets
GfxDevice: creating device client; threaded=0
Direct3D:
    Version:  Direct3D 11.0 [level 11.1]
    Renderer: Radeon RX 570 Series (ID=0x67df)
    Vendor:   
    VRAM:     8171 MB
    Driver:   27.20.1034.6
Initialize mono
Mono path[0] = 'C:/Users/apple/Documents/2020.2.3f1/Editor/Data/Managed'
Mono path[1] = 'C:/Users/apple/Documents/2020.2.3f1/Editor/Data/MonoBleedingEdge/lib/mono/unityjit'
Mono config path = 'C:/Users/apple/Documents/2020.2.3f1/Editor/Data/MonoBleedingEdge/etc'
Using monoOptions --debugger-agent=transport=dt_socket,embedding=1,server=y,suspend=n,address=127.0.0.1:56976
Begin MonoManager ReloadAssembly
Registering precompiled unity dll's ...
Register platform support module: C:/Users/apple/Documents/2020.2.3f1/Editor/Data/PlaybackEngines/WebGLSupport/UnityEditor.WebGL.Extensions.dll
Register platform support module: C:/Users/apple/Documents/2020.2.3f1/Editor/Data/PlaybackEngines/WindowsStandaloneSupport/UnityEditor.WindowsStandalone.Extensions.dll
Registered in 0.004887 seconds.
Native extension for WindowsStandalone target not found
Native extension for WebGL target not found
Refreshing native plugins compatible for Editor in 34.83 ms, found 1 plugins.
Preloading 0 native plugins for Editor in 0.00 ms.
Invoked RoslynAnalysisRunner static constructor.
RoslynAnalysisRunner will not be running.
RoslynAnalysisRunner has terminated.
Mono: successfully reloaded assembly
- Completed reload, in  2.910 seconds
Platform modules already initialized, skipping
Registering precompiled user dll's ...
Registered in 0.014056 seconds.
Begin MonoManager ReloadAssembly
Native extension for WindowsStandalone target not found
Native extension for WebGL target not found
Refreshing native plugins compatible for Editor in 0.41 ms, found 1 plugins.
Preloading 0 native plugins for Editor in 0.00 ms.
Invoked RoslynAnalysisRunner static constructor.
RoslynAnalysisRunner will not be running.
RoslynAnalysisRunner has terminated.
Mono: successfully reloaded assembly
- Completed reload, in  0.983 seconds
Platform modules already initialized, skipping
========================================================================
Worker process is ready to serve import requests
Launched and connected shader compiler UnityShaderCompiler.exe after 0.10 seconds
Refreshing native plugins compatible for Editor in 0.45 ms, found 1 plugins.
Preloading 0 native plugins for Editor in 0.00 ms.
Unloading 1408 Unused Serialized files (Serialized files now loaded: 0)
System memory in use before: 63.7 MB.
System memory in use after: 63.8 MB.

Unloading 21 unused Assets to reduce memory usage. Loaded Objects now: 1848.
Total: 2.003700 ms (FindLiveObjects: 0.161100 ms CreateObjectMapping: 0.037300 ms MarkObjects: 1.719500 ms  DeleteObjects: 0.084500 ms)

========================================================================
Received Import Request.
  path: Assets/Scripts/CoreClasses/Card Children Classes/Card.cs
  artifactKey: Guid(ec6597878102a7f468be0ce843b3f2bc) Importer(815301076,1909f56bfc062723c751e8b465ee728b)
Start importing Assets/Scripts/CoreClasses/Card Children Classes/Card.cs using Guid(ec6597878102a7f468be0ce843b3f2bc) Importer(815301076,1909f56bfc062723c751e8b465ee728b)  -> (artifact id: '2bfc4f2ac32afd3c6b98957b6eb2becf') in 0.045183 seconds
  Import took 0.048958 seconds .

========================================================================
Received Import Request.
  Time since last request: 161.399855 seconds.
  path: Assets/Scripts/ScriptableObjects/CardSO.cs
  artifactKey: Guid(262713b3e1421034e883aa16a9a8b0b6) Importer(815301076,1909f56bfc062723c751e8b465ee728b)
Start importing Assets/Scripts/ScriptableObjects/CardSO.cs using Guid(262713b3e1421034e883aa16a9a8b0b6) Importer(815301076,1909f56bfc062723c751e8b465ee728b)  -> (artifact id: '03d831317f7fddc446db13e4caa2dc28') in 0.025917 seconds
  Import took 0.058189 seconds .

========================================================================
Received Prepare
Registering precompiled user dll's ...
Registered in 0.007950 seconds.
Begin MonoManager ReloadAssembly
Native extension for WindowsStandalone target not found
Native extension for WebGL target not found
Refreshing native plugins compatible for Editor in 0.51 ms, found 1 plugins.
Preloading 0 native plugins for Editor in 0.00 ms.
Invoked RoslynAnalysisRunner static constructor.
RoslynAnalysisRunner will not be running.
RoslynAnalysisRunner has terminated.
Mono: successfully reloaded assembly
- Completed reload, in  0.971 seconds
Platform modules already initialized, skipping
Refreshing native plugins compatible for Editor in 0.41 ms, found 1 plugins.
Preloading 0 native plugins for Editor in 0.00 ms.
Unloading 1405 Unused Serialized files (Serialized files now loaded: 0)
System memory in use before: 63.7 MB.
System memory in use after: 63.8 MB.

Unloading 16 unused Assets to reduce memory usage. Loaded Objects now: 1851.
Total: 1.807400 ms (FindLiveObjects: 0.182000 ms CreateObjectMapping: 0.035600 ms MarkObjects: 1.570500 ms  DeleteObjects: 0.018000 ms)

========================================================================
Received Prepare
Registering precompiled user dll's ...
Registered in 0.006611 seconds.
Begin MonoManager ReloadAssembly
Native extension for WindowsStandalone target not found
Native extension for WebGL target not found
Refreshing native plugins compatible for Editor in 0.41 ms, found 1 plugins.
Preloading 0 native plugins for Editor in 0.00 ms.
Invoked RoslynAnalysisRunner static constructor.
RoslynAnalysisRunner will not be running.
RoslynAnalysisRunner has terminated.
Mono: successfully reloaded assembly
- Completed reload, in  0.913 seconds
Platform modules already initialized, skipping
Refreshing native plugins compatible for Editor in 0.53 ms, found 1 plugins.
Preloading 0 native plugins for Editor in 0.00 ms.
Unloading 1405 Unused Serialized files (Serialized files now loaded: 0)
System memory in use before: 63.7 MB.
System memory in use after: 63.8 MB.

Unloading 16 unused Assets to reduce memory usage. Loaded Objects now: 1853.
Total: 1.773500 ms (FindLiveObjects: 0.208400 ms CreateObjectMapping: 0.035400 ms MarkObjects: 1.506000 ms  DeleteObjects: 0.022600 ms)

========================================================================
Received Import Request.
  Time since last request: 1978.506298 seconds.
  path: Assets/Scripts/ScriptableObjects/NewCard.asset
  artifactKey: Guid(b51f4d13147ccc24bbbeb7a804012086) Importer(815301076,1909f56bfc062723c751e8b465ee728b)
Start importing Assets/Scripts/ScriptableObjects/NewCard.asset using Guid(b51f4d13147ccc24bbbeb7a804012086) Importer(815301076,1909f56bfc062723c751e8b465ee728b)  -> (artifact id: '227db4f62012b52690e7e22f329308c4') in 0.024855 seconds
  Import took 0.028197 seconds .

========================================================================
Received Import Request.
  Time since last request: 0.002258 seconds.
  path: Assets/Scripts/ScriptableObjects/NewCard.asset
  artifactKey: Guid(b51f4d13147ccc24bbbeb7a804012086) Importer(815301076,1909f56bfc062723c751e8b465ee728b)
Start importing Assets/Scripts/ScriptableObjects/NewCard.asset using Guid(b51f4d13147ccc24bbbeb7a804012086) Importer(815301076,1909f56bfc062723c751e8b465ee728b)  -> (artifact id: '227db4f62012b52690e7e22f329308c4') in 0.004326 seconds
  Import took 0.007485 seconds .

========================================================================
Received Import Request.
  Time since last request: 40.252479 seconds.
  path: Assets/Scripts/ScriptableObjects/CardSO.cs
  artifactKey: Guid(262713b3e1421034e883aa16a9a8b0b6) Importer(815301076,1909f56bfc062723c751e8b465ee728b)
Start importing Assets/Scripts/ScriptableObjects/CardSO.cs using Guid(262713b3e1421034e883aa16a9a8b0b6) Importer(815301076,1909f56bfc062723c751e8b465ee728b)  -> (artifact id: '3c791c92acf76b58a7863910f5b02f85') in 0.003950 seconds
  Import took 0.007673 seconds .

========================================================================
Received Import Request.
  Time since last request: 0.001519 seconds.
  path: Assets/Scripts/ScriptableObjects/CardSO.cs
  artifactKey: Guid(262713b3e1421034e883aa16a9a8b0b6) Importer(815301076,1909f56bfc062723c751e8b465ee728b)
Start importing Assets/Scripts/ScriptableObjects/CardSO.cs using Guid(262713b3e1421034e883aa16a9a8b0b6) Importer(815301076,1909f56bfc062723c751e8b465ee728b)  -> (artifact id: '3c791c92acf76b58a7863910f5b02f85') in 0.003763 seconds
  Import took 0.006135 seconds .

